<?xml version="1.0" encoding="UTF-8"?>
<testng-results total="1" passed="1" failed="0" skipped="0">
  <reporter-output>
  </reporter-output>
  <suite started-at="2020-01-28T03:28:42Z" name="Suite" finished-at="2020-01-28T03:28:42Z" duration-ms="24">
    <groups>
    </groups>
    <test started-at="2020-01-28T03:28:42Z" name="Test" finished-at="2020-01-28T03:28:42Z" duration-ms="24">
      <class name="qaclickacademy.Mavenjava2.SeleniumTest">
        <test-method signature="BrowserAutomation()[pri:0, instance:qaclickacademy.Mavenjava2.SeleniumTest@8646db9]" started-at="2020-01-27T22:28:42Z" name="BrowserAutomation" finished-at="2020-01-27T22:28:42Z" duration-ms="9" status="PASS">
          <reporter-output>
          </reporter-output>
        </test-method> <!-- BrowserAutomation -->
      </class> <!-- qaclickacademy.Mavenjava2.SeleniumTest -->
    </test> <!-- Test -->
  </suite> <!-- Suite -->
</testng-results>
